0 info it worked if it ends with ok
1 verbose cli [ 'C:\\Program Files\\nodejs\\node.exe',
1 verbose cli   'C:\\Users\\Jamie-Laptop\\AppData\\Roaming\\npm\\node_modules\\npm\\bin\\npm-cli.js',
1 verbose cli   'publish' ]
2 info using npm@2.11.0
3 info using node@v5.12.0
4 verbose publish [ '.' ]
5 silly cache add args [ '.', null ]
6 verbose cache add spec .
7 silly cache add parsed spec Result {
7 silly cache add   raw: '.',
7 silly cache add   scope: null,
7 silly cache add   name: null,
7 silly cache add   rawSpec: '.',
7 silly cache add   spec: 'G:\\dev\\node-cleanup',
7 silly cache add   type: 'directory' }
8 verbose addLocalDirectory C:\Users\Jamie-Laptop\AppData\Roaming\npm-cache\remove-node-modules\1.5.14\package.tgz not in flight; packing
9 verbose tar pack [ 'C:\\Users\\Jamie-Laptop\\AppData\\Roaming\\npm-cache\\remove-node-modules\\1.5.14\\package.tgz',
9 verbose tar pack   'G:\\dev\\node-cleanup' ]
10 verbose tarball C:\Users\Jamie-Laptop\AppData\Roaming\npm-cache\remove-node-modules\1.5.14\package.tgz
11 verbose folder G:\dev\node-cleanup
12 info prepublish remove-node-modules@1.5.14
13 verbose addLocalTarball adding from inside cache C:\Users\Jamie-Laptop\AppData\Roaming\npm-cache\remove-node-modules\1.5.14\package.tgz
14 silly cache afterAdd remove-node-modules@1.5.14
15 verbose afterAdd C:\Users\Jamie-Laptop\AppData\Roaming\npm-cache\remove-node-modules\1.5.14\package\package.json not in flight; writing
16 verbose afterAdd C:\Users\Jamie-Laptop\AppData\Roaming\npm-cache\remove-node-modules\1.5.14\package\package.json written
17 silly publish { name: 'remove-node-modules',
17 silly publish   version: '1.5.14',
17 silly publish   description: 'Helps Windows developers remove and delete node_modules folder',
17 silly publish   bin: { 'remove-node-modules': 'bin/remove-node-modules.js' },
17 silly publish   main: './lib/index.js',
17 silly publish   preferGlobal: 'true',
17 silly publish   scripts: { test: 'echo "Error: no test specified" && exit 1' },
17 silly publish   keywords:
17 silly publish    [ 'node',
17 silly publish      'windows',
17 silly publish      'node_modules',
17 silly publish      'remove node_modules folder',
17 silly publish      'delete node_modules folder' ],
17 silly publish   repository:
17 silly publish    { type: 'git',
17 silly publish      url: 'git+https://github.com/studio174/node-cleanup.git' },
17 silly publish   author:
17 silly publish    { name: 'Jamie Kelly',
17 silly publish      email: 'jamie@kellyjg.com',
17 silly publish      url: 'http://www.kellyjg.com' },
17 silly publish   license: 'MIT',
17 silly publish   bugs: { url: 'https://github.com/studio174/node-cleanup/issues' },
17 silly publish   homepage: 'https://github.com/studio174/node-cleanup#readme',
17 silly publish   dependencies: { colors: '^1.1.2', del: '^2.2.2' },
17 silly publish   readme: '# node-cleanup\r\nHelps Windows web developers remove node_modules folder.\r\n\r\n### Current Version: 1.5.15\r\n\r\n## Getting Started\r\n1. $ npm install -g remove-node-modules\r\n\r\n## Default Usage\r\n$ remove-node-modules\r\n\r\n## Alternative Usage\r\n$ remove-node-modules /path/to/directory\r\n\r\n## Contributing\r\nFeel free to contribute!\r\n\r\n## Changelog\r\n- v1.5.14 (10/7/2016)\r\n\t- published to npmjs\r\n- v0.2.3 (2/17/2016)\r\n\t- updated friendly message\r\n- v0.1.3 (12/26/2015)\r\n\t- added return in front of cleanup callback\r\n- v0.1.2 (12/17/2015)\r\n\t- added .gitignore\r\n\t',
17 silly publish   readmeFilename: 'README.md',
17 silly publish   gitHead: '33b6d7ae7ba45f29074ccd507e743d5da246328e',
17 silly publish   _id: 'remove-node-modules@1.5.14',
17 silly publish   _shasum: 'a8dc7c0ad909a5f40c6a5a993820ccebccc25da3',
17 silly publish   _from: '.' }
18 verbose getPublishConfig undefined
19 silly mapToRegistry name remove-node-modules
20 silly mapToRegistry using default registry
21 silly mapToRegistry registry https://registry.npmjs.org/
22 silly mapToRegistry uri https://registry.npmjs.org/remove-node-modules
23 verbose publish registryBase https://registry.npmjs.org/
24 silly publish uploading C:\Users\Jamie-Laptop\AppData\Roaming\npm-cache\remove-node-modules\1.5.14\package.tgz
25 verbose request uri https://registry.npmjs.org/remove-node-modules
26 verbose request sending authorization for write operation
27 info attempt registry request try #1 at 2:09:02 PM
28 verbose request using bearer token for auth
29 verbose request id 21255b5545436694
30 http request PUT https://registry.npmjs.org/remove-node-modules
31 http 403 https://registry.npmjs.org/remove-node-modules
32 verbose headers { 'content-type': 'application/json',
32 verbose headers   'cache-control': 'max-age=300',
32 verbose headers   'content-length': '96',
32 verbose headers   'accept-ranges': 'bytes',
32 verbose headers   date: 'Fri, 07 Oct 2016 21:09:11 GMT',
32 verbose headers   via: '1.1 varnish',
32 verbose headers   connection: 'keep-alive',
32 verbose headers   'x-served-by': 'cache-sjc3141-SJC',
32 verbose headers   'x-cache': 'MISS',
32 verbose headers   'x-cache-hits': '0',
32 verbose headers   'x-timer': 'S1475874551.103522,VS0,VE121',
32 verbose headers   vary: 'Accept-Encoding' }
33 verbose request invalidating C:\Users\Jamie-Laptop\AppData\Roaming\npm-cache\registry.npmjs.org\remove-node-modules on PUT
34 error publish Failed PUT 403
35 verbose stack Error: "You cannot publish over the previously published version 1.5.14." : remove-node-modules
35 verbose stack     at CachingRegistryClient.<anonymous> (C:\Users\Jamie-Laptop\AppData\Roaming\npm\node_modules\npm\node_modules\npm-registry-client\lib\request.js:247:14)
35 verbose stack     at Request._callback (C:\Users\Jamie-Laptop\AppData\Roaming\npm\node_modules\npm\node_modules\npm-registry-client\lib\request.js:170:14)
35 verbose stack     at Request.self.callback (C:\Users\Jamie-Laptop\AppData\Roaming\npm\node_modules\npm\node_modules\request\request.js:368:22)
35 verbose stack     at emitTwo (events.js:100:13)
35 verbose stack     at Request.emit (events.js:185:7)
35 verbose stack     at Request.<anonymous> (C:\Users\Jamie-Laptop\AppData\Roaming\npm\node_modules\npm\node_modules\request\request.js:1219:14)
35 verbose stack     at emitOne (events.js:95:20)
35 verbose stack     at Request.emit (events.js:182:7)
35 verbose stack     at IncomingMessage.<anonymous> (C:\Users\Jamie-Laptop\AppData\Roaming\npm\node_modules\npm\node_modules\request\request.js:1167:12)
35 verbose stack     at emitNone (events.js:85:20)
36 verbose statusCode 403
37 verbose pkgid remove-node-modules
38 verbose cwd G:\dev\node-cleanup
39 error Windows_NT 6.1.7601
40 error argv "C:\\Program Files\\nodejs\\node.exe" "C:\\Users\\Jamie-Laptop\\AppData\\Roaming\\npm\\node_modules\\npm\\bin\\npm-cli.js" "publish"
41 error node v5.12.0
42 error npm  v2.11.0
43 error code E403
44 error "You cannot publish over the previously published version 1.5.14." : remove-node-modules
45 error If you need help, you may report this error at:
45 error     <https://github.com/npm/npm/issues>
46 verbose exit [ 1, true ]
